This is pdfTeX, Version 3.141592653-2.6-1.40.29 (TeX Live 2026) (preloaded format=pdflatex 2026.4.4)  5 APR 2026 19:06
entering extended mode
 restricted \write18 enabled.
 file:line:error style messages enabled.
 %&-line parsing enabled.
**/Users/Pixel/Documents/projects/petadex-manuscript/petadex-manuscript.tex
(/Users/Pixel/Documents/projects/petadex-manuscript/petadex-manuscript.tex
LaTeX2e <2025-11-01>
L3 programming layer <2026-03-20>
(./oup-authoring-template.cls
Document Class: oup-authoring-template 2025/11/17 1.2
(/usr/local/texlive/2026basic/texmf-dist/tex/latex/crop/crop.sty
Package: crop 2017/11/19 1.10 crop marks (mf)
 (/usr/local/texlive/2026basic/texmf-dist/tex/generic/iftex/ifluatex.sty
Package: ifluatex 2019/10/25 v1.5 ifluatex legacy package. Use iftex instead.
 (/usr/local/texlive/2026basic/texmf-dist/tex/generic/iftex/iftex.sty
Package: iftex 2024/12/12 v1.0g TeX engine tests
))
\CROP@index=\count275
 (/usr/local/texlive/2026basic/texmf-dist/tex/latex/graphics/color.sty
Package: color 2025/01/14 v1.3e Standard LaTeX Color (DPC)
 (/usr/local/texlive/2026basic/texmf-dist/tex/latex/graphics-cfg/color.cfg
File: color.cfg 2016/01/02 v1.6 sample color configuration
)
Package color Info: Driver file: pdftex.def on input line 149.
 (/usr/local/texlive/2026basic/texmf-dist/tex/latex/graphics-def/pdftex.def
File: pdftex.def 2025/09/29 v1.2d Graphics/color driver for pdftex
) (/usr/local/texlive/2026basic/texmf-dist/tex/latex/graphics/mathcolor.ltx)) (/usr/local/texlive/2026basic/texmf-dist/tex/latex/graphics/graphics.sty
Package: graphics 2024/08/06 v1.4g Standard LaTeX Graphics (DPC,SPQR)
 (/usr/local/texlive/2026basic/texmf-dist/tex/latex/graphics/trig.sty
Package: trig 2023/12/02 v1.11 sin cos tan (DPC)
) (/usr/local/texlive/2026basic/texmf-dist/tex/latex/graphics-cfg/graphics.cfg
File: graphics.cfg 2016/06/04 v1.11 sample graphics configuration
)
Package graphics Info: Driver file: pdftex.def on input line 106.
)
\CROP@offset=\count276
Package crop Info: Local config file crop.cfg used on input line 622.
 (/usr/local/texlive/2026basic/texmf-dist/tex/xelatex/xetexconfig/crop.cfg))
==> First Aid for crop.sty applied!
(/usr/local/texlive/2026basic/texmf-dist/tex/latex/graphics/graphicx.sty
Package: graphicx 2024/12/31 v1.2e Enhanced LaTeX Graphics (DPC,SPQR)
 (/usr/local/texlive/2026basic/texmf-dist/tex/latex/graphics/keyval.sty
Package: keyval 2022/05/29 v1.15 key=value parser (DPC)
\KV@toks@=\toks17
)
\Gin@req@height=\dimen150
\Gin@req@width=\dimen151
) (/usr/local/texlive/2026basic/texmf-dist/tex/latex/caption/caption.sty
Package: caption 2023/08/05 v3.6o Customizing captions (AR)
 (/usr/local/texlive/2026basic/texmf-dist/tex/latex/caption/caption3.sty
Package: caption3 2023/07/31 v2.4d caption3 kernel (AR)
\caption@tempdima=\dimen152
\captionmargin=\dimen153
\caption@leftmargin=\dimen154
\caption@rightmargin=\dimen155
\caption@width=\dimen156
\caption@indent=\dimen157
\caption@parindent=\dimen158
\caption@hangindent=\dimen159
\abovecaptionskip=\skip49
\belowcaptionskip=\skip50
Package caption Info: Document class w/o caption stuff detected.
)
\c@caption@flags=\count277
\c@continuedfloat=\count278
) (/usr/local/texlive/2026basic/texmf-dist/tex/latex/amsmath/amsmath.sty
Package: amsmath 2025/07/09 v2.17z AMS math features
\@mathmargin=\skip51

For additional information on amsmath, use the `?' option.
(/usr/local/texlive/2026basic/texmf-dist/tex/latex/amsmath/amstext.sty
Package: amstext 2024/11/17 v2.01 AMS text
 (/usr/local/texlive/2026basic/texmf-dist/tex/latex/amsmath/amsgen.sty
File: amsgen.sty 1999/11/30 v2.0 generic functions
\@emptytoks=\toks18
\ex@=\dimen160
)) (/usr/local/texlive/2026basic/texmf-dist/tex/latex/amsmath/amsbsy.sty
Package: amsbsy 1999/11/29 v1.2d Bold Symbols
\pmbraise@=\dimen161
) (/usr/local/texlive/2026basic/texmf-dist/tex/latex/amsmath/amsopn.sty
Package: amsopn 2022/04/08 v2.04 operator names
)
\inf@bad=\count279
LaTeX Info: Redefining \frac on input line 233.
\uproot@=\count280
\leftroot@=\count281
LaTeX Info: Redefining \overline on input line 398.
LaTeX Info: Redefining \colon on input line 409.
\classnum@=\count282
\DOTSCASE@=\count283
LaTeX Info: Redefining \ldots on input line 495.
LaTeX Info: Redefining \dots on input line 498.
LaTeX Info: Redefining \cdots on input line 619.
\Mathstrutbox@=\box53
\strutbox@=\box54
LaTeX Info: Redefining \big on input line 721.
LaTeX Info: Redefining \Big on input line 722.
LaTeX Info: Redefining \bigg on input line 723.
LaTeX Info: Redefining \Bigg on input line 724.
\big@size=\dimen162
LaTeX Font Info:    Redeclaring font encoding OML on input line 742.
LaTeX Font Info:    Redeclaring font encoding OMS on input line 743.
\macc@depth=\count284
LaTeX Info: Redefining \bmod on input line 904.
LaTeX Info: Redefining \pmod on input line 909.
LaTeX Info: Redefining \smash on input line 939.
LaTeX Info: Redefining \relbar on input line 969.
LaTeX Info: Redefining \Relbar on input line 970.
\c@MaxMatrixCols=\count285
\dotsspace@=\muskip17
\c@parentequation=\count286
\dspbrk@lvl=\count287
\tag@help=\toks19
\row@=\count288
\column@=\count289
\maxfields@=\count290
\andhelp@=\toks20
\eqnshift@=\dimen163
\alignsep@=\dimen164
\tagshift@=\dimen165
\tagwidth@=\dimen166
\totwidth@=\dimen167
\lineht@=\dimen168
\@envbody=\toks21
\multlinegap=\skip52
\multlinetaggap=\skip53
\mathdisplay@stack=\toks22
LaTeX Info: Redefining \[ on input line 2950.
LaTeX Info: Redefining \] on input line 2951.
) (/usr/local/texlive/2026basic/texmf-dist/tex/latex/tools/array.sty
Package: array 2025/09/25 v2.6n Tabular extension package (FMi)
\col@sep=\dimen169
\ar@mcellbox=\box55
\extrarowheight=\dimen170
\NC@list=\toks23
\extratabsurround=\skip54
\backup@length=\skip55
\ar@cellbox=\box56
) (/usr/local/texlive/2026basic/texmf-dist/tex/latex/xcolor/xcolor.sty
Package: xcolor 2024/09/29 v3.02 LaTeX color extensions (UK)
 (/usr/local/texlive/2026basic/texmf-dist/tex/latex/graphics-cfg/color.cfg
File: color.cfg 2016/01/02 v1.6 sample color configuration
)
Package xcolor Info: Driver file: pdftex.def on input line 274.
LaTeX Info: Redefining \color on input line 762.
 (/usr/local/texlive/2026basic/texmf-dist/tex/latex/graphics/mathcolor.ltx)
Package xcolor Info: Model `cmy' substituted by `cmy0' on input line 1349.
Package xcolor Info: Model `hsb' substituted by `rgb' on input line 1353.
Package xcolor Info: Model `RGB' extended on input line 1365.
Package xcolor Info: Model `HTML' substituted by `rgb' on input line 1367.
Package xcolor Info: Model `Hsb' substituted by `hsb' on input line 1368.
Package xcolor Info: Model `tHsb' substituted by `hsb' on input line 1369.
Package xcolor Info: Model `HSB' substituted by `hsb' on input line 1370.
Package xcolor Info: Model `Gray' substituted by `gray' on input line 1371.
Package xcolor Info: Model `wave' substituted by `hsb' on input line 1372.
) (/usr/local/texlive/2026basic/texmf-dist/tex/latex/amsfonts/amssymb.sty
Package: amssymb 2013/01/14 v3.01 AMS font symbols
 (/usr/local/texlive/2026basic/texmf-dist/tex/latex/amsfonts/amsfonts.sty
Package: amsfonts 2013/01/14 v3.01 Basic AMSFonts support
\symAMSa=\mathgroup4
\symAMSb=\mathgroup5
LaTeX Font Info:    Redeclaring math symbol \hbar on input line 98.
LaTeX Font Info:    Overwriting math alphabet `\mathfrak' in version `bold'
(Font)                  U/euf/m/n --> U/euf/b/n on input line 106.
)) (/usr/local/texlive/2026basic/texmf-dist/tex/latex/sttools/flushend.sty
Package: flushend 2025/06/18 v4.3 Balancing columns in twocolumn mode (ST)
\flushend@@lastskip@a=\skip56
\flushend@@lastskip@b=\skip57
\flushend@@lastnode=\count291
\var@@loop@iter=\count292
\var@@temp@spread=\dimen171
\var@@temp@a=\dimen172
\var@@temp@loop=\dimen173
\flushend@@page@rule=\dimen174
\flushend@@varbox@lastpage=\box57
\flushend@@varbox@a=\box58
\flushend@@varbox@c=\box59
\flushend@@tempbox@a=\box60
\flushend@@tempbox@c=\box61
\flushend@@floatbox=\box62
\@viper=\box63
\hold@viper=\box64
\atColsBreak=\toks24
\atColsEnd=\toks25
\oldbreak@skip=\dimen175
) (/usr/local/texlive/2026basic/texmf-dist/tex/latex/sttools/stfloats.sty
Package: stfloats 2025/06/18 v3.4 Improve float mechanism and baselineskip settings
\@dblbotnum=\count293
\c@dblbotnumber=\count294
) (/usr/local/texlive/2026basic/texmf-dist/tex/latex/graphics/rotating.sty
Package: rotating 2025/01/14 v2.16e rotated objects in LaTeX
 (/usr/local/texlive/2026basic/texmf-dist/tex/latex/base/ifthen.sty
Package: ifthen 2024/03/16 v1.1e Standard LaTeX ifthen package (DPC)
)
\c@r@tfl@t=\count295
\rotFPtop=\skip58
\rotFPbot=\skip59
\rot@float@box=\box65
\rot@mess@toks=\toks26
) (/usr/local/texlive/2026basic/texmf-dist/tex/latex/changepage/changepage.sty
Package: changepage 2009/10/20 v1.0c check page and change page layout
\c@cp@cntr=\count296
\cp@tempcnt=\count297
) (/usr/local/texlive/2026basic/texmf-dist/tex/latex/totcount/totcount.sty
Package: totcount 2011/01/25 v1.2 package for gettingthe total value of LaTeX counters
) (/usr/local/texlive/2026basic/texmf-dist/tex/latex/base/fix-cm.sty
Package: fix-cm 2020/11/24 v1.1t fixes to LaTeX
 (/usr/local/texlive/2026basic/texmf-dist/tex/latex/base/ts1enc.def
File: ts1enc.def 2001/06/05 v3.0e (jk/car/fm) Standard LaTeX file
LaTeX Font Info:    Redeclaring font encoding TS1 on input line 47.
LaTeX Encoding Info:    Redeclaring text command \capitalcedilla (encoding TS1) on input line 49.
LaTeX Encoding Info:    Redeclaring text command \capitalogonek (encoding TS1) on input line 52.
LaTeX Encoding Info:    Redeclaring text command \capitalgrave (encoding TS1) on input line 55.
LaTeX Encoding Info:    Redeclaring text command \capitalacute (encoding TS1) on input line 56.
LaTeX Encoding Info:    Redeclaring text command \capitalcircumflex (encoding TS1) on input line 57.
LaTeX Encoding Info:    Redeclaring text command \capitaltilde (encoding TS1) on input line 58.
LaTeX Encoding Info:    Redeclaring text command \capitaldieresis (encoding TS1) on input line 59.
LaTeX Encoding Info:    Redeclaring text command \capitalhungarumlaut (encoding TS1) on input line 60.
LaTeX Encoding Info:    Redeclaring text command \capitalring (encoding TS1) on input line 61.
LaTeX Encoding Info:    Redeclaring text command \capitalcaron (encoding TS1) on input line 62.
LaTeX Encoding Info:    Redeclaring text command \capitalbreve (encoding TS1) on input line 63.
LaTeX Encoding Info:    Redeclaring text command \capitalmacron (encoding TS1) on input line 64.
LaTeX Encoding Info:    Redeclaring text command \capitaldotaccent (encoding TS1) on input line 65.
LaTeX Encoding Info:    Redeclaring text command \t (encoding TS1) on input line 66.
LaTeX Encoding Info:    Redeclaring text command \capitaltie (encoding TS1) on input line 67.
LaTeX Encoding Info:    Redeclaring text command \newtie (encoding TS1) on input line 68.
LaTeX Encoding Info:    Redeclaring text command \capitalnewtie (encoding TS1) on input line 69.
LaTeX Encoding Info:    Redeclaring text symbol \textcapitalcompwordmark (encoding TS1) on input line 70.
LaTeX Encoding Info:    Redeclaring text symbol \textascendercompwordmark (encoding TS1) on input line 71.
LaTeX Encoding Info:    Redeclaring text symbol \textquotestraightbase (encoding TS1) on input line 72.
LaTeX Encoding Info:    Redeclaring text symbol \textquotestraightdblbase (encoding TS1) on input line 73.
LaTeX Encoding Info:    Redeclaring text symbol \texttwelveudash (encoding TS1) on input line 74.
LaTeX Encoding Info:    Redeclaring text symbol \textthreequartersemdash (encoding TS1) on input line 75.
LaTeX Encoding Info:    Redeclaring text symbol \textleftarrow (encoding TS1) on input line 76.
LaTeX Encoding Info:    Redeclaring text symbol \textrightarrow (encoding TS1) on input line 77.
LaTeX Encoding Info:    Redeclaring text symbol \textblank (encoding TS1) on input line 78.
LaTeX Encoding Info:    Redeclaring text symbol \textdollar (encoding TS1) on input line 79.
LaTeX Encoding Info:    Redeclaring text symbol \textquotesingle (encoding TS1) on input line 80.
LaTeX Encoding Info:    Redeclaring text command \textasteriskcentered (encoding TS1) on input line 81.
LaTeX Encoding Info:    Redeclaring text symbol \textdblhyphen (encoding TS1) on input line 92.
LaTeX Encoding Info:    Redeclaring text symbol \textfractionsolidus (encoding TS1) on input line 93.
LaTeX Encoding Info:    Redeclaring text symbol \textzerooldstyle (encoding TS1) on input line 94.
LaTeX Encoding Info:    Redeclaring text symbol \textoneoldstyle (encoding TS1) on input line 95.
LaTeX Encoding Info:    Redeclaring text symbol \texttwooldstyle (encoding TS1) on input line 96.
LaTeX Encoding Info:    Redeclaring text symbol \textthreeoldstyle (encoding TS1) on input line 97.
LaTeX Encoding Info:    Redeclaring text symbol \textfouroldstyle (encoding TS1) on input line 98.
LaTeX Encoding Info:    Redeclaring text symbol \textfiveoldstyle (encoding TS1) on input line 99.
LaTeX Encoding Info:    Redeclaring text symbol \textsixoldstyle (encoding TS1) on input line 100.
LaTeX Encoding Info:    Redeclaring text symbol \textsevenoldstyle (encoding TS1) on input line 101.
LaTeX Encoding Info:    Redeclaring text symbol \texteightoldstyle (encoding TS1) on input line 102.
LaTeX Encoding Info:    Redeclaring text symbol \textnineoldstyle (encoding TS1) on input line 103.
LaTeX Encoding Info:    Redeclaring text symbol \textlangle (encoding TS1) on input line 104.
LaTeX Encoding Info:    Redeclaring text symbol \textminus (encoding TS1) on input line 105.
LaTeX Encoding Info:    Redeclaring text symbol \textrangle (encoding TS1) on input line 106.
LaTeX Encoding Info:    Redeclaring text symbol \textmho (encoding TS1) on input line 107.
LaTeX Encoding Info:    Redeclaring text symbol \textbigcircle (encoding TS1) on input line 108.
LaTeX Encoding Info:    Redeclaring text command \textcircled (encoding TS1) on input line 109.
LaTeX Encoding Info:    Redeclaring text symbol \textohm (encoding TS1) on input line 115.
LaTeX Encoding Info:    Redeclaring text symbol \textlbrackdbl (encoding TS1) on input line 116.
LaTeX Encoding Info:    Redeclaring text symbol \textrbrackdbl (encoding TS1) on input line 117.
LaTeX Encoding Info:    Redeclaring text symbol \textuparrow (encoding TS1) on input line 118.
LaTeX Encoding Info:    Redeclaring text symbol \textdownarrow (encoding TS1) on input line 119.
LaTeX Encoding Info:    Redeclaring text symbol \textasciigrave (encoding TS1) on input line 120.
LaTeX Encoding Info:    Redeclaring text symbol \textborn (encoding TS1) on input line 121.
LaTeX Encoding Info:    Redeclaring text symbol \textdivorced (encoding TS1) on input line 122.
LaTeX Encoding Info:    Redeclaring text symbol \textdied (encoding TS1) on input line 123.
LaTeX Encoding Info:    Redeclaring text symbol \textleaf (encoding TS1) on input line 124.
LaTeX Encoding Info:    Redeclaring text symbol \textmarried (encoding TS1) on input line 125.
LaTeX Encoding Info:    Redeclaring text symbol \textmusicalnote (encoding TS1) on input line 126.
LaTeX Encoding Info:    Redeclaring text symbol \texttildelow (encoding TS1) on input line 127.
LaTeX Encoding Info:    Redeclaring text symbol \textdblhyphenchar (encoding TS1) on input line 128.
LaTeX Encoding Info:    Redeclaring text symbol \textasciibreve (encoding TS1) on input line 129.
LaTeX Encoding Info:    Redeclaring text symbol \textasciicaron (encoding TS1) on input line 130.
LaTeX Encoding Info:    Redeclaring text symbol \textacutedbl (encoding TS1) on input line 131.
LaTeX Encoding Info:    Redeclaring text symbol \textgravedbl (encoding TS1) on input line 132.
LaTeX Encoding Info:    Redeclaring text symbol \textdagger (encoding TS1) on input line 133.
LaTeX Encoding Info:    Redeclaring text symbol \textdaggerdbl (encoding TS1) on input line 134.
LaTeX Encoding Info:    Redeclaring text symbol \textbardbl (encoding TS1) on input line 135.
LaTeX Encoding Info:    Redeclaring text symbol \textperthousand (encoding TS1) on input line 136.
LaTeX Encoding Info:    Redeclaring text symbol \textbullet (encoding TS1) on input line 137.
LaTeX Encoding Info:    Redeclaring text symbol \textcelsius (encoding TS1) on input line 138.
LaTeX Encoding Info:    Redeclaring text symbol \textdollaroldstyle (encoding TS1) on input line 139.
LaTeX Encoding Info:    Redeclaring text symbol \textcentoldstyle (encoding TS1) on input line 140.
LaTeX Encoding Info:    Redeclaring text symbol \textflorin (encoding TS1) on input line 141.
LaTeX Encoding Info:    Redeclaring text symbol \textcolonmonetary (encoding TS1) on input line 142.
LaTeX Encoding Info:    Redeclaring text symbol \textwon (encoding TS1) on input line 143.
LaTeX Encoding Info:    Redeclaring text symbol \textnaira (encoding TS1) on input line 144.
LaTeX Encoding Info:    Redeclaring text symbol \textguarani (encoding TS1) on input line 145.
LaTeX Encoding Info:    Redeclaring text symbol \textpeso (encoding TS1) on input line 146.
LaTeX Encoding Info:    Redeclaring text symbol \textlira (encoding TS1) on input line 147.
LaTeX Encoding Info:    Redeclaring text symbol \textrecipe (encoding TS1) on input line 148.
LaTeX Encoding Info:    Redeclaring text symbol \textinterrobang (encoding TS1) on input line 149.
LaTeX Encoding Info:    Redeclaring text symbol \textinterrobangdown (encoding TS1) on input line 150.
LaTeX Encoding Info:    Redeclaring text symbol \textdong (encoding TS1) on input line 151.
LaTeX Encoding Info:    Redeclaring text symbol \texttrademark (encoding TS1) on input line 152.
LaTeX Encoding Info:    Redeclaring text symbol \textpertenthousand (encoding TS1) on input line 153.
LaTeX Encoding Info:    Redeclaring text symbol \textpilcrow (encoding TS1) on input line 154.
LaTeX Encoding Info:    Redeclaring text symbol \textbaht (encoding TS1) on input line 155.
LaTeX Encoding Info:    Redeclaring text symbol \textnumero (encoding TS1) on input line 156.
LaTeX Encoding Info:    Redeclaring text symbol \textdiscount (encoding TS1) on input line 157.
LaTeX Encoding Info:    Redeclaring text symbol \textestimated (encoding TS1) on input line 158.
LaTeX Encoding Info:    Redeclaring text symbol \textopenbullet (encoding TS1) on input line 159.
LaTeX Encoding Info:    Redeclaring text symbol \textservicemark (encoding TS1) on input line 160.
LaTeX Encoding Info:    Redeclaring text symbol \textlquill (encoding TS1) on input line 161.
LaTeX Encoding Info:    Redeclaring text symbol \textrquill (encoding TS1) on input line 162.
LaTeX Encoding Info:    Redeclaring text symbol \textcent (encoding TS1) on input line 163.
LaTeX Encoding Info:    Redeclaring text symbol \textsterling (encoding TS1) on input line 164.
LaTeX Encoding Info:    Redeclaring text symbol \textcurrency (encoding TS1) on input line 165.
LaTeX Encoding Info:    Redeclaring text symbol \textyen (encoding TS1) on input line 166.
LaTeX Encoding Info:    Redeclaring text symbol \textbrokenbar (encoding TS1) on input line 167.
LaTeX Encoding Info:    Redeclaring text symbol \textsection (encoding TS1) on input line 168.
LaTeX Encoding Info:    Redeclaring text symbol \textasciidieresis (encoding TS1) on input line 169.
LaTeX Encoding Info:    Redeclaring text symbol \textcopyright (encoding TS1) on input line 170.
LaTeX Encoding Info:    Redeclaring text symbol \textordfeminine (encoding TS1) on input line 171.
LaTeX Encoding Info:    Redeclaring text symbol \textcopyleft (encoding TS1) on input line 172.
LaTeX Encoding Info:    Redeclaring text symbol \textlnot (encoding TS1) on input line 173.
LaTeX Encoding Info:    Redeclaring text symbol \textcircledP (encoding TS1) on input line 174.
LaTeX Encoding Info:    Redeclaring text symbol \textregistered (encoding TS1) on input line 175.
LaTeX Encoding Info:    Redeclaring text symbol \textasciimacron (encoding TS1) on input line 176.
LaTeX Encoding Info:    Redeclaring text symbol \textdegree (encoding TS1) on input line 177.
LaTeX Encoding Info:    Redeclaring text symbol \textpm (encoding TS1) on input line 178.
LaTeX Encoding Info:    Redeclaring text symbol \texttwosuperior (encoding TS1) on input line 179.
LaTeX Encoding Info:    Redeclaring text symbol \textthreesuperior (encoding TS1) on input line 180.
LaTeX Encoding Info:    Redeclaring text symbol \textasciiacute (encoding TS1) on input line 181.
LaTeX Encoding Info:    Redeclaring text symbol \textmu (encoding TS1) on input line 182.
LaTeX Encoding Info:    Redeclaring text symbol \textparagraph (encoding TS1) on input line 183.
LaTeX Encoding Info:    Redeclaring text symbol \textperiodcentered (encoding TS1) on input line 184.
LaTeX Encoding Info:    Redeclaring text symbol \textreferencemark (encoding TS1) on input line 185.
LaTeX Encoding Info:    Redeclaring text symbol \textonesuperior (encoding TS1) on input line 186.
LaTeX Encoding Info:    Redeclaring text symbol \textordmasculine (encoding TS1) on input line 187.
LaTeX Encoding Info:    Redeclaring text symbol \textsurd (encoding TS1) on input line 188.
LaTeX Encoding Info:    Redeclaring text symbol \textonequarter (encoding TS1) on input line 189.
LaTeX Encoding Info:    Redeclaring text symbol \textonehalf (encoding TS1) on input line 190.
LaTeX Encoding Info:    Redeclaring text symbol \textthreequarters (encoding TS1) on input line 191.
LaTeX Encoding Info:    Redeclaring text symbol \texteuro (encoding TS1) on input line 192.
LaTeX Encoding Info:    Redeclaring text symbol \texttimes (encoding TS1) on input line 193.
LaTeX Encoding Info:    Redeclaring text symbol \textdiv (encoding TS1) on input line 194.
)) (/usr/local/texlive/2026basic/texmf-dist/tex/latex/footmisc/footmisc.sty
Package: footmisc 2025/05/09 v7.0b a miscellany of footnote facilities
\FN@temptoken=\toks27
\footnotemargin=\dimen176
Package footmisc Info: Declaring symbol style bringhurst on input line 549.
Package footmisc Info: Declaring symbol style chicago on input line 557.
Package footmisc Info: Declaring symbol style wiley on input line 566.
Package footmisc Info: Declaring symbol style lamport-robust on input line 577.
Package footmisc Info: Declaring symbol style lamport* on input line 597.
Package footmisc Info: Declaring symbol style lamport*-robust on input line 618.
)
\croppaperwidth=\dimen177
\croppaperheight=\dimen178
\Croppdfwidth=\dimen179
\Croppdfheight=\dimen180
\Trimpdfwidth=\dimen181
\Trimpdfheight=\dimen182
\CP@toff@wd=\dimen183
\CP@toff@ht=\dimen184
\CP@boff@wd=\dimen185
\CP@boff@ht=\dimen186
\CP@crop@wd=\dimen187
\CP@crop@ht=\dimen188
\CP@bled@wd=\dimen189
\CP@bled@ht=\dimen190
\CP@trim@wd=\dimen191
\CP@trim@ht=\dimen192
\c@section=\count298
\c@subsection=\count299
\c@subsubsection=\count300
\c@paragraph=\count301
\c@subparagraph=\count302
\c@figure=\count303
\c@table=\count304
\dropfromtop=\skip60
\c@myauthcount=\count305
\c@myauthcount@totc=\count306
\c@myhistorycount=\count307
\c@myhistorycount@totc=\count308
\c@myaddcount=\count309
\c@myaddcount@totc=\count310
\extraspace=\skip61
\currentpageno=\count311
\aboveskipchk=\skip62
\titlepagewd=\skip63
\rotdimen=\dimen193
\tempdime=\dimen194
\temptbox=\box66
 (/usr/local/texlive/2026basic/texmf-dist/tex/latex/natbib/natbib.sty
Package: natbib 2010/09/13 8.31b (PWD, AO)
\bibhang=\skip64
\bibsep=\skip65
LaTeX Info: Redefining \cite on input line 694.
\c@NAT@ctr=\count312
) (/usr/local/texlive/2026basic/texmf-dist/tex/latex/wrapfig/wrapfig.sty
\wrapoverhang=\dimen195
\WF@size=\dimen196
\c@WF@wrappedlines=\count313
\WF@box=\box67
\WF@everypar=\toks28
Package: wrapfig 2003/01/31  v 3.6
)
\wraplines=\count314
\@authorfigbox=\box68
\@authorfigboxdim=\skip66
\biofigadjskip=\skip67
 (/usr/local/texlive/2026basic/texmf-dist/tex/latex/amscls/amsthm.sty
Package: amsthm 2020/05/29 v2.20.6
\thm@style=\toks29
\thm@bodyfont=\toks30
\thm@headfont=\toks31
\thm@notefont=\toks32
\thm@headpunct=\toks33
\thm@preskip=\skip68
\thm@postskip=\skip69
\thm@headsep=\skip70
\dth@everypar=\toks34
) (/usr/local/texlive/2026basic/texmf-dist/tex/latex/subfloat/subfloat.sty
Package: subfloat 2003/08/21 version 2.14
 Package `subfloat', Version 2.14 of 2003/08/21.
\c@subfloatfiguremax=\count315
\c@subfloattablemax=\count316
) (/usr/local/texlive/2026basic/texmf-dist/tex/latex/multirow/multirow.sty
Package: multirow 2024/11/12 v2.9 Span multiple rows of a table
\multirow@colwidth=\skip71
\multirow@cntb=\count317
\multirow@dima=\skip72
\bigstrutjot=\dimen197
) (/usr/local/texlive/2026basic/texmf-dist/tex/latex/mdwtools/footnote.sty
Package: footnote 1997/01/28 1.13 Save footnotes around boxes
\fn@notes=\box69
\fn@width=\dimen198
) (/usr/local/texlive/2026basic/texmf-dist/tex/latex/url/url.sty
\Urlmuskip=\muskip18
Package: url 2013/09/16  ver 3.4  Verb mode for urls, etc.
) (/usr/local/texlive/2026basic/texmf-dist/tex/latex/jknapltx/mathrsfs.sty
Package: mathrsfs 1996/01/01 Math RSFS package v1.0 (jk)
\symrsfs=\mathgroup6
) (/usr/local/texlive/2026basic/texmf-dist/tex/latex/algorithms/algorithm.sty
Package: algorithm 2009/08/24 v0.1 Document Style `algorithm' - floating environment
 (/usr/local/texlive/2026basic/texmf-dist/tex/latex/float/float.sty
Package: float 2001/11/08 v1.3d Float enhancements (AL)
\c@float@type=\count318
\float@exts=\toks35
\float@box=\box70
\@float@everytoks=\toks36
\@floatcapt=\box71
)
\@float@every@algorithm=\toks37
\c@algorithm=\count319
) (/usr/local/texlive/2026basic/texmf-dist/tex/latex/algorithmicx/algorithmicx.sty
Package: algorithmicx 2005/04/27 v1.2 Algorithmicx

Document Style algorithmicx 1.2 - a greatly improved `algorithmic' style
\c@ALG@line=\count320
\c@ALG@rem=\count321
\c@ALG@nested=\count322
\ALG@tlm=\skip73
\ALG@thistlm=\skip74
\c@ALG@Lnr=\count323
\c@ALG@blocknr=\count324
\c@ALG@storecount=\count325
\c@ALG@tmpcounter=\count326
\ALG@tmplength=\skip75
) (/usr/local/texlive/2026basic/texmf-dist/tex/latex/algorithmicx/algpseudocode.sty
Package: algpseudocode 

Document Style - pseudocode environments for use with the `algorithmicx' style
) (/usr/local/texlive/2026basic/texmf-dist/tex/latex/listings/listings.sty
\lst@mode=\count327
\lst@gtempboxa=\box72
\lst@token=\toks38
\lst@length=\count328
\lst@currlwidth=\dimen199
\lst@column=\count329
\lst@pos=\count330
\lst@lostspace=\dimen256
\lst@width=\dimen257
\lst@newlines=\count331
\lst@lineno=\count332
\lst@maxwidth=\dimen258
 (/usr/local/texlive/2026basic/texmf-dist/tex/latex/listings/lstpatch.sty
File: lstpatch.sty 2025/11/14 1.11b (Carsten Heinz)
) (/usr/local/texlive/2026basic/texmf-dist/tex/latex/listings/lstmisc.sty
File: lstmisc.sty 2025/11/14 1.11b (Carsten Heinz)
\c@lstnumber=\count333
\lst@skipnumbers=\count334
\lst@framebox=\box73
) (/usr/local/texlive/2026basic/texmf-dist/tex/latex/listings/listings.cfg
File: listings.cfg 2025/11/14 1.11b listings configuration
))
Package: listings 2025/11/14 1.11b (Carsten Heinz)

==> First Aid for listings.sty no longer applied!
    Expected:
        2024/09/23 1.10c (Carsten Heinz)
    but found:
        2025/11/14 1.11b (Carsten Heinz)
    so I'm assuming it got fixed.
\c@@pps=\count335
\c@@ppsavesec=\count336
\c@@ppsaveapp=\count337
(/usr/local/texlive/2026basic/texmf-dist/tex/latex/hyperref/hyperref.sty
Package: hyperref 2026-01-29 v7.01p Hypertext links for LaTeX
 (/usr/local/texlive/2026basic/texmf-dist/tex/latex/kvsetkeys/kvsetkeys.sty
Package: kvsetkeys 2022-10-05 v1.19 Key value parser (HO)
) (/usr/local/texlive/2026basic/texmf-dist/tex/generic/kvdefinekeys/kvdefinekeys.sty
Package: kvdefinekeys 2019-12-19 v1.6 Define keys (HO)
) (/usr/local/texlive/2026basic/texmf-dist/tex/generic/pdfescape/pdfescape.sty
Package: pdfescape 2019/12/09 v1.15 Implements pdfTeX's escape features (HO)
 (/usr/local/texlive/2026basic/texmf-dist/tex/generic/ltxcmds/ltxcmds.sty
Package: ltxcmds 2023-12-04 v1.26 LaTeX kernel commands for general use (HO)
) (/usr/local/texlive/2026basic/texmf-dist/tex/generic/pdftexcmds/pdftexcmds.sty
Package: pdftexcmds 2020-06-27 v0.33 Utility functions of pdfTeX for LuaTeX (HO)
 (/usr/local/texlive/2026basic/texmf-dist/tex/generic/infwarerr/infwarerr.sty
Package: infwarerr 2019/12/03 v1.5 Providing info/warning/error messages (HO)
)
Package pdftexcmds Info: \pdf@primitive is available.
Package pdftexcmds Info: \pdf@ifprimitive is available.
Package pdftexcmds Info: \pdfdraftmode found.
)) (/usr/local/texlive/2026basic/texmf-dist/tex/latex/hycolor/hycolor.sty
Package: hycolor 2020-01-27 v1.10 Color options for hyperref/bookmark (HO)
) (/usr/local/texlive/2026basic/texmf-dist/tex/latex/hyperref/nameref.sty
Package: nameref 2026-01-29 v2.58 Cross-referencing by name of section
 (/usr/local/texlive/2026basic/texmf-dist/tex/latex/refcount/refcount.sty
Package: refcount 2019/12/15 v3.6 Data extraction from label references (HO)
) (/usr/local/texlive/2026basic/texmf-dist/tex/generic/gettitlestring/gettitlestring.sty
Package: gettitlestring 2019/12/15 v1.6 Cleanup title references (HO)
 (/usr/local/texlive/2026basic/texmf-dist/tex/latex/kvoptions/kvoptions.sty
Package: kvoptions 2022-06-15 v3.15 Key value format for package options (HO)
))
\c@section@level=\count338
) (/usr/local/texlive/2026basic/texmf-dist/tex/latex/etoolbox/etoolbox.sty
Package: etoolbox 2025/10/02 v2.5m e-TeX tools for LaTeX (JAW)
\etb@tempcnta=\count339
) (/usr/local/texlive/2026basic/texmf-dist/tex/generic/stringenc/stringenc.sty
Package: stringenc 2019/11/29 v1.12 Convert strings between diff. encodings (HO)
)
\@linkdim=\dimen259
\Hy@linkcounter=\count340
\Hy@pagecounter=\count341
 (/usr/local/texlive/2026basic/texmf-dist/tex/latex/hyperref/pd1enc.def
File: pd1enc.def 2026-01-29 v7.01p Hyperref: PDFDocEncoding definition (HO)
Now handling font encoding PD1 ...
... no UTF-8 mapping file for font encoding PD1
) (/usr/local/texlive/2026basic/texmf-dist/tex/generic/intcalc/intcalc.sty
Package: intcalc 2019/12/15 v1.3 Expandable calculations with integers (HO)
)
\Hy@SavedSpaceFactor=\count342
 (/usr/local/texlive/2026basic/texmf-dist/tex/latex/hyperref/puenc.def
File: puenc.def 2026-01-29 v7.01p Hyperref: PDF Unicode definition (HO)
Now handling font encoding PU ...
... no UTF-8 mapping file for font encoding PU
)
Package hyperref Info: Hyper figures OFF on input line 4201.
Package hyperref Info: Link nesting OFF on input line 4206.
Package hyperref Info: Hyper index ON on input line 4209.
Package hyperref Info: Plain pages OFF on input line 4216.
Package hyperref Info: Backreferencing OFF on input line 4221.
Package hyperref Info: Implicit mode ON; LaTeX internals redefined.
Package hyperref Info: Bookmarks ON on input line 4468.
\c@Hy@tempcnt=\count343
LaTeX Info: Redefining \url on input line 4807.
\XeTeXLinkMargin=\dimen260
 (/usr/local/texlive/2026basic/texmf-dist/tex/generic/bitset/bitset.sty
Package: bitset 2019/12/09 v1.3 Handle bit-vector datatype (HO)
 (/usr/local/texlive/2026basic/texmf-dist/tex/generic/bigintcalc/bigintcalc.sty
Package: bigintcalc 2019/12/15 v1.5 Expandable calculations on big integers (HO)
))
\Fld@menulength=\count344
\Field@Width=\dimen261
\Fld@charsize=\dimen262
Package hyperref Info: Hyper figures OFF on input line 6084.
Package hyperref Info: Link nesting OFF on input line 6089.
Package hyperref Info: Hyper index ON on input line 6092.
Package hyperref Info: backreferencing OFF on input line 6099.
Package hyperref Info: Link coloring OFF on input line 6104.
Package hyperref Info: Link coloring with OCG OFF on input line 6109.
Package hyperref Info: PDF/A mode OFF on input line 6114.
\Hy@abspage=\count345
\c@Item=\count346
\c@Hfootnote=\count347
)
Package hyperref Info: Driver (autodetected): hpdftex.
 (/usr/local/texlive/2026basic/texmf-dist/tex/latex/hyperref/hpdftex.def
File: hpdftex.def 2026-01-29 v7.01p Hyperref driver for pdfTeX
\Fld@listcount=\count348
\c@bookmark@seq@number=\count349
 (/usr/local/texlive/2026basic/texmf-dist/tex/latex/rerunfilecheck/rerunfilecheck.sty
Package: rerunfilecheck 2025-06-21 v1.11 Rerun checks for auxiliary files (HO)
 (/usr/local/texlive/2026basic/texmf-dist/tex/generic/uniquecounter/uniquecounter.sty
Package: uniquecounter 2019/12/15 v1.4 Provide unlimited unique counter (HO)
)
Package uniquecounter Info: New unique counter `rerunfilecheck' on input line 284.
)
\Hy@SectionHShift=\skip76
) (/usr/local/texlive/2026basic/texmf-dist/tex/latex/pgf/frontendlayer/tikz.sty (/usr/local/texlive/2026basic/texmf-dist/tex/latex/pgf/basiclayer/pgf.sty (/usr/local/texlive/2026basic/texmf-dist/tex/latex/pgf/utilities/pgfrcs.sty (/usr/local/texlive/2026basic/texmf-dist/tex/generic/pgf/utilities/pgfutil-common.tex
\pgfutil@everybye=\toks39
\pgfutil@tempdima=\dimen263
\pgfutil@tempdimb=\dimen264
) (/usr/local/texlive/2026basic/texmf-dist/tex/generic/pgf/utilities/pgfutil-latex.def
\pgfutil@abb=\box74
) (/usr/local/texlive/2026basic/texmf-dist/tex/generic/pgf/utilities/pgfrcs.code.tex (/usr/local/texlive/2026basic/texmf-dist/tex/generic/pgf/pgf.revision.tex)
Package: pgfrcs 2025-08-29 v3.1.11a (3.1.11a)
))
Package: pgf 2025-08-29 v3.1.11a (3.1.11a)
 (/usr/local/texlive/2026basic/texmf-dist/tex/latex/pgf/basiclayer/pgfcore.sty (/usr/local/texlive/2026basic/texmf-dist/tex/latex/pgf/systemlayer/pgfsys.sty (/usr/local/texlive/2026basic/texmf-dist/tex/generic/pgf/systemlayer/pgfsys.code.tex
Package: pgfsys 2025-08-29 v3.1.11a (3.1.11a)
 (/usr/local/texlive/2026basic/texmf-dist/tex/generic/pgf/utilities/pgfkeys.code.tex
\pgfkeys@pathtoks=\toks40
\pgfkeys@temptoks=\toks41
 (/usr/local/texlive/2026basic/texmf-dist/tex/generic/pgf/utilities/pgfkeyslibraryfiltered.code.tex
\pgfkeys@tmptoks=\toks42
))
\pgf@x=\dimen265
\pgf@y=\dimen266
\pgf@xa=\dimen267
\pgf@ya=\dimen268
\pgf@xb=\dimen269
\pgf@yb=\dimen270
\pgf@xc=\dimen271
\pgf@yc=\dimen272
\pgf@xd=\dimen273
\pgf@yd=\dimen274
\w@pgf@writea=\write3
\r@pgf@reada=\read2
\c@pgf@counta=\count350
\c@pgf@countb=\count351
\c@pgf@countc=\count352
\c@pgf@countd=\count353
\t@pgf@toka=\toks43
\t@pgf@tokb=\toks44
\t@pgf@tokc=\toks45
\pgf@sys@id@count=\count354
 (/usr/local/texlive/2026basic/texmf-dist/tex/generic/pgf/systemlayer/pgf.cfg
File: pgf.cfg 2025-08-29 v3.1.11a (3.1.11a)
)
Driver file for pgf: pgfsys-pdftex.def
 (/usr/local/texlive/2026basic/texmf-dist/tex/generic/pgf/systemlayer/pgfsys-pdftex.def
File: pgfsys-pdftex.def 2025-08-29 v3.1.11a (3.1.11a)
 (/usr/local/texlive/2026basic/texmf-dist/tex/generic/pgf/systemlayer/pgfsys-common-pdf.def
File: pgfsys-common-pdf.def 2025-08-29 v3.1.11a (3.1.11a)
))) (/usr/local/texlive/2026basic/texmf-dist/tex/generic/pgf/systemlayer/pgfsyssoftpath.code.tex
File: pgfsyssoftpath.code.tex 2025-08-29 v3.1.11a (3.1.11a)
\pgfsyssoftpath@smallbuffer@items=\count355
\pgfsyssoftpath@bigbuffer@items=\count356
) (/usr/local/texlive/2026basic/texmf-dist/tex/generic/pgf/systemlayer/pgfsysprotocol.code.tex
File: pgfsysprotocol.code.tex 2025-08-29 v3.1.11a (3.1.11a)
)) (/usr/local/texlive/2026basic/texmf-dist/tex/generic/pgf/basiclayer/pgfcore.code.tex
Package: pgfcore 2025-08-29 v3.1.11a (3.1.11a)
 (/usr/local/texlive/2026basic/texmf-dist/tex/generic/pgf/math/pgfmath.code.tex (/usr/local/texlive/2026basic/texmf-dist/tex/generic/pgf/math/pgfmathutil.code.tex) (/usr/local/texlive/2026basic/texmf-dist/tex/generic/pgf/math/pgfmathparser.code.tex
\pgfmath@dimen=\dimen275
\pgfmath@count=\count357
\pgfmath@box=\box75
\pgfmath@toks=\toks46
\pgfmath@stack@operand=\toks47
\pgfmath@stack@operation=\toks48
) (/usr/local/texlive/2026basic/texmf-dist/tex/generic/pgf/math/pgfmathfunctions.code.tex) (/usr/local/texlive/2026basic/texmf-dist/tex/generic/pgf/math/pgfmathfunctions.basic.code.tex) (/usr/local/texlive/2026basic/texmf-dist/tex/generic/pgf/math/pgfmathfunctions.trigonometric.code.tex) (/usr/local/texlive/2026basic/texmf-dist/tex/generic/pgf/math/pgfmathfunctions.random.code.tex) (/usr/local/texlive/2026basic/texmf-dist/tex/generic/pgf/math/pgfmathfunctions.comparison.code.tex) (/usr/local/texlive/2026basic/texmf-dist/tex/generic/pgf/math/pgfmathfunctions.base.code.tex) (/usr/local/texlive/2026basic/texmf-dist/tex/generic/pgf/math/pgfmathfunctions.round.code.tex) (/usr/local/texlive/2026basic/texmf-dist/tex/generic/pgf/math/pgfmathfunctions.misc.code.tex) (/usr/local/texlive/2026basic/texmf-dist/tex/generic/pgf/math/pgfmathfunctions.integerarithmetics.code.tex) (/usr/local/texlive/2026basic/texmf-dist/tex/generic/pgf/math/pgfmathcalc.code.tex) (/usr/local/texlive/2026basic/texmf-dist/tex/generic/pgf/math/pgfmathfloat.code.tex
\c@pgfmathroundto@lastzeros=\count358
)) (/usr/local/texlive/2026basic/texmf-dist/tex/generic/pgf/math/pgfint.code.tex) (/usr/local/texlive/2026basic/texmf-dist/tex/generic/pgf/basiclayer/pgfcorepoints.code.tex
File: pgfcorepoints.code.tex 2025-08-29 v3.1.11a (3.1.11a)
\pgf@picminx=\dimen276
\pgf@picmaxx=\dimen277
\pgf@picminy=\dimen278
\pgf@picmaxy=\dimen279
\pgf@pathminx=\dimen280
\pgf@pathmaxx=\dimen281
\pgf@pathminy=\dimen282
\pgf@pathmaxy=\dimen283
\pgf@xx=\dimen284
\pgf@xy=\dimen285
\pgf@yx=\dimen286
\pgf@yy=\dimen287
\pgf@zx=\dimen288
\pgf@zy=\dimen289
) (/usr/local/texlive/2026basic/texmf-dist/tex/generic/pgf/basiclayer/pgfcorepathconstruct.code.tex
File: pgfcorepathconstruct.code.tex 2025-08-29 v3.1.11a (3.1.11a)
\pgf@path@lastx=\dimen290
\pgf@path@lasty=\dimen291
) (/usr/local/texlive/2026basic/texmf-dist/tex/generic/pgf/basiclayer/pgfcorepathusage.code.tex
File: pgfcorepathusage.code.tex 2025-08-29 v3.1.11a (3.1.11a)
\pgf@shorten@end@additional=\dimen292
\pgf@shorten@start@additional=\dimen293
) (/usr/local/texlive/2026basic/texmf-dist/tex/generic/pgf/basiclayer/pgfcorescopes.code.tex
File: pgfcorescopes.code.tex 2025-08-29 v3.1.11a (3.1.11a)
\pgfpic=\box76
\pgf@hbox=\box77
\pgf@layerbox@main=\box78
\pgf@picture@serial@count=\count359
) (/usr/local/texlive/2026basic/texmf-dist/tex/generic/pgf/basiclayer/pgfcoregraphicstate.code.tex
File: pgfcoregraphicstate.code.tex 2025-08-29 v3.1.11a (3.1.11a)
\pgflinewidth=\dimen294
) (/usr/local/texlive/2026basic/texmf-dist/tex/generic/pgf/basiclayer/pgfcoretransformations.code.tex
File: pgfcoretransformations.code.tex 2025-08-29 v3.1.11a (3.1.11a)
\pgf@pt@x=\dimen295
\pgf@pt@y=\dimen296
\pgf@pt@temp=\dimen297
) (/usr/local/texlive/2026basic/texmf-dist/tex/generic/pgf/basiclayer/pgfcorequick.code.tex
File: pgfcorequick.code.tex 2025-08-29 v3.1.11a (3.1.11a)
) (/usr/local/texlive/2026basic/texmf-dist/tex/generic/pgf/basiclayer/pgfcoreobjects.code.tex
File: pgfcoreobjects.code.tex 2025-08-29 v3.1.11a (3.1.11a)
) (/usr/local/texlive/2026basic/texmf-dist/tex/generic/pgf/basiclayer/pgfcorepathprocessing.code.tex
File: pgfcorepathprocessing.code.tex 2025-08-29 v3.1.11a (3.1.11a)
) (/usr/local/texlive/2026basic/texmf-dist/tex/generic/pgf/basiclayer/pgfcorearrows.code.tex
File: pgfcorearrows.code.tex 2025-08-29 v3.1.11a (3.1.11a)
\pgfarrowsep=\dimen298
) (/usr/local/texlive/2026basic/texmf-dist/tex/generic/pgf/basiclayer/pgfcoreshade.code.tex
File: pgfcoreshade.code.tex 2025-08-29 v3.1.11a (3.1.11a)
\pgf@max=\dimen299
\pgf@sys@shading@range@num=\count360
\pgf@shadingcount=\count361
) (/usr/local/texlive/2026basic/texmf-dist/tex/generic/pgf/basiclayer/pgfcoreimage.code.tex
File: pgfcoreimage.code.tex 2025-08-29 v3.1.11a (3.1.11a)
) (/usr/local/texlive/2026basic/texmf-dist/tex/generic/pgf/basiclayer/pgfcoreexternal.code.tex
File: pgfcoreexternal.code.tex 2025-08-29 v3.1.11a (3.1.11a)
\pgfexternal@startupbox=\box79
) (/usr/local/texlive/2026basic/texmf-dist/tex/generic/pgf/basiclayer/pgfcorelayers.code.tex
File: pgfcorelayers.code.tex 2025-08-29 v3.1.11a (3.1.11a)
) (/usr/local/texlive/2026basic/texmf-dist/tex/generic/pgf/basiclayer/pgfcoretransparency.code.tex
File: pgfcoretransparency.code.tex 2025-08-29 v3.1.11a (3.1.11a)
) (/usr/local/texlive/2026basic/texmf-dist/tex/generic/pgf/basiclayer/pgfcorepatterns.code.tex
File: pgfcorepatterns.code.tex 2025-08-29 v3.1.11a (3.1.11a)
) (/usr/local/texlive/2026basic/texmf-dist/tex/generic/pgf/basiclayer/pgfcorerdf.code.tex
File: pgfcorerdf.code.tex 2025-08-29 v3.1.11a (3.1.11a)
))) (/usr/local/texlive/2026basic/texmf-dist/tex/generic/pgf/modules/pgfmoduleshapes.code.tex
File: pgfmoduleshapes.code.tex 2025-08-29 v3.1.11a (3.1.11a)
\pgfnodeparttextbox=\box80
) (/usr/local/texlive/2026basic/texmf-dist/tex/generic/pgf/modules/pgfmoduleplot.code.tex
File: pgfmoduleplot.code.tex 2025-08-29 v3.1.11a (3.1.11a)
) (/usr/local/texlive/2026basic/texmf-dist/tex/latex/pgf/compatibility/pgfcomp-version-0-65.sty
Package: pgfcomp-version-0-65 2025-08-29 v3.1.11a (3.1.11a)
\pgf@nodesepstart=\dimen300
\pgf@nodesepend=\dimen301
) (/usr/local/texlive/2026basic/texmf-dist/tex/latex/pgf/compatibility/pgfcomp-version-1-18.sty
Package: pgfcomp-version-1-18 2025-08-29 v3.1.11a (3.1.11a)
)) (/usr/local/texlive/2026basic/texmf-dist/tex/latex/pgf/utilities/pgffor.sty (/usr/local/texlive/2026basic/texmf-dist/tex/latex/pgf/utilities/pgfkeys.sty (/usr/local/texlive/2026basic/texmf-dist/tex/generic/pgf/utilities/pgfkeys.code.tex)) (/usr/local/texlive/2026basic/texmf-dist/tex/latex/pgf/math/pgfmath.sty (/usr/local/texlive/2026basic/texmf-dist/tex/generic/pgf/math/pgfmath.code.tex)) (/usr/local/texlive/2026basic/texmf-dist/tex/generic/pgf/utilities/pgffor.code.tex
Package: pgffor 2025-08-29 v3.1.11a (3.1.11a)
\pgffor@iter=\dimen302
\pgffor@skip=\dimen303
\pgffor@stack=\toks49
\pgffor@toks=\toks50
)) (/usr/local/texlive/2026basic/texmf-dist/tex/generic/pgf/frontendlayer/tikz/tikz.code.tex
Package: tikz 2025-08-29 v3.1.11a (3.1.11a)
 (/usr/local/texlive/2026basic/texmf-dist/tex/generic/pgf/libraries/pgflibraryplothandlers.code.tex
File: pgflibraryplothandlers.code.tex 2025-08-29 v3.1.11a (3.1.11a)
\pgf@plot@mark@count=\count362
\pgfplotmarksize=\dimen304
)
\tikz@lastx=\dimen305
\tikz@lasty=\dimen306
\tikz@lastxsaved=\dimen307
\tikz@lastysaved=\dimen308
\tikz@lastmovetox=\dimen309
\tikz@lastmovetoy=\dimen310
\tikzleveldistance=\dimen311
\tikzsiblingdistance=\dimen312
\tikz@figbox=\box81
\tikz@figbox@bg=\box82
\tikz@tempbox=\box83
\tikz@tempbox@bg=\box84
\tikztreelevel=\count363
\tikznumberofchildren=\count364
\tikznumberofcurrentchild=\count365
\tikz@fig@count=\count366
 (/usr/local/texlive/2026basic/texmf-dist/tex/generic/pgf/modules/pgfmodulematrix.code.tex
File: pgfmodulematrix.code.tex 2025-08-29 v3.1.11a (3.1.11a)
\pgfmatrixcurrentrow=\count367
\pgfmatrixcurrentcolumn=\count368
\pgf@matrix@numberofcolumns=\count369
)
\tikz@expandcount=\count370
 (/usr/local/texlive/2026basic/texmf-dist/tex/generic/pgf/frontendlayer/tikz/libraries/tikzlibrarytopaths.code.tex
File: tikzlibrarytopaths.code.tex 2025-08-29 v3.1.11a (3.1.11a)
))) (/usr/local/texlive/2026basic/texmf-dist/tex/generic/pgf/frontendlayer/tikz/libraries/tikzlibrarysvg.path.code.tex
File: tikzlibrarysvg.path.code.tex 2025-08-29 v3.1.11a (3.1.11a)
 (/usr/local/texlive/2026basic/texmf-dist/tex/generic/pgf/libraries/pgflibrarysvg.path.code.tex
File: pgflibrarysvg.path.code.tex 2025-08-29 v3.1.11a (3.1.11a)
 (/usr/local/texlive/2026basic/texmf-dist/tex/generic/pgf/modules/pgfmoduleparser.code.tex
File: pgfmoduleparser.code.tex 2025-08-29 v3.1.11a (3.1.11a)
\pgfparserdef@arg@count=\count371
)
\pgf@lib@svg@last@x=\dimen313
\pgf@lib@svg@last@y=\dimen314
\pgf@lib@svg@last@c@x=\dimen315
\pgf@lib@svg@last@c@y=\dimen316
\pgf@lib@svg@count=\count372
\pgf@lib@svg@max@num=\count373
)) (/usr/local/texlive/2026basic/texmf-dist/tex/generic/pgf/frontendlayer/tikz/libraries/tikzlibrarydecorations.markings.code.tex (/usr/local/texlive/2026basic/texmf-dist/tex/generic/pgf/frontendlayer/tikz/libraries/tikzlibrarydecorations.code.tex (/usr/local/texlive/2026basic/texmf-dist/tex/generic/pgf/modules/pgfmoduledecorations.code.tex
\pgfdecoratedcompleteddistance=\dimen317
\pgfdecoratedremainingdistance=\dimen318
\pgfdecoratedinputsegmentcompleteddistance=\dimen319
\pgfdecoratedinputsegmentremainingdistance=\dimen320
\pgf@decorate@distancetomove=\dimen321
\pgf@decorate@repeatstate=\count374
\pgfdecorationsegmentamplitude=\dimen322
\pgfdecorationsegmentlength=\dimen323
)
\tikz@lib@dec@box=\box85
) (/usr/local/texlive/2026basic/texmf-dist/tex/generic/pgf/libraries/decorations/pgflibrarydecorations.markings.code.tex))
\@curXheight=\skip77
\c@boxnumcnt=\count375
 (/usr/local/texlive/2026basic/texmf-dist/tex/latex/silence/silence.sty
Package: silence 2012/07/02 v1.5b Selective filtering of warnings and error messages
\sl@Save=\count376
\sl@StateNumber=\count377
\sl@MessageCount=\count378
\sl@Casualties=\count379
\sl@Filter=\toks51
\sl@Message=\toks52
\sl@UnexpandedMessage=\toks53
\sl@Mess@ge=\toks54
\sl@WarningCount=\count380
\sl@WarningNumber=\count381
\sl@WarningCasualties=\count382
\sl@TempBOW=\toks55
\sl@BankOfWarnings=\toks56
LaTeX Info: Redefining \GenericWarning on input line 433.
\sl@ErrorCount=\count383
\sl@ErrorNumber=\count384
\sl@ErrorCasualties=\count385
\sl@TempBOE=\toks57
\sl@BankOfErrors=\toks58
LaTeX Info: Redefining \GenericError on input line 601.
)
runsystem(texcount -total -inc petadex-manuscript.tex > wordcount.txt)...disabled (restricted).

) (/usr/local/texlive/2026basic/texmf-dist/tex/latex/l3backend/l3backend-pdftex.def
File: l3backend-pdftex.def 2026-02-18 L3 backend support: PDF output (pdfTeX)
\l__color_backend_stack_int=\count386
)

LaTeX Warning: Unused global option(s):
    [unnumsec,webpdf,modern,large].

(./petadex-manuscript.aux)
\openout1 = `petadex-manuscript.aux'.

LaTeX Font Info:    Checking defaults for OML/cmm/m/it on input line 19.
LaTeX Font Info:    ... okay on input line 19.
LaTeX Font Info:    Checking defaults for OMS/cmsy/m/n on input line 19.
LaTeX Font Info:    ... okay on input line 19.
LaTeX Font Info:    Checking defaults for OT1/cmr/m/n on input line 19.
LaTeX Font Info:    ... okay on input line 19.
LaTeX Font Info:    Checking defaults for T1/cmr/m/n on input line 19.
LaTeX Font Info:    ... okay on input line 19.
LaTeX Font Info:    Checking defaults for TS1/cmr/m/n on input line 19.
LaTeX Font Info:    ... okay on input line 19.
LaTeX Font Info:    Checking defaults for OMX/cmex/m/n on input line 19.
LaTeX Font Info:    ... okay on input line 19.
LaTeX Font Info:    Checking defaults for U/cmr/m/n on input line 19.
LaTeX Font Info:    ... okay on input line 19.
LaTeX Font Info:    Checking defaults for PD1/pdf/m/n on input line 19.
LaTeX Font Info:    ... okay on input line 19.
LaTeX Font Info:    Checking defaults for PU/pdf/m/n on input line 19.
LaTeX Font Info:    ... okay on input line 19.
 (/usr/local/texlive/2026basic/texmf-dist/tex/context/base/mkii/supp-pdf.mkii
[Loading MPS to PDF converter (version 2006.09.02).]
\scratchcounter=\count387
\scratchdimen=\dimen324
\scratchbox=\box86
\nofMPsegments=\count388
\nofMParguments=\count389
\everyMPshowfont=\toks59
\MPscratchCnt=\count390
\MPscratchDim=\dimen325
\MPnumerator=\count391
\makeMPintoPDFobject=\count392
\everyMPtoPDFconversion=\toks60
) (/usr/local/texlive/2026basic/texmf-dist/tex/latex/epstopdf-pkg/epstopdf-base.sty
Package: epstopdf-base 2020-01-24 v2.11 Base part for package epstopdf
Package epstopdf-base Info: Redefining graphics rule for `.eps' on input line 485.
 (/usr/local/texlive/2026basic/texmf-dist/tex/latex/latexconfig/epstopdf-sys.cfg
File: epstopdf-sys.cfg 2010/07/13 v1.3 Configuration of (r)epstopdf for TeX Live
))
Package crop Info: requested driver: `' on input line 19.
Package crop Info: detected driver: `pdftex' on input line 19.
Package crop Info: using `pdftex' graphics driver on input line 19.
Package caption Info: Begin \AtBeginDocument code.
Package caption Info: changepage package is loaded.
\caption@adjustwidth@hsize=\dimen326
\caption@adjustwidth@linewidth=\dimen327
Package caption Info: float package is loaded.
Package caption Info: hyperref package is loaded.
Package caption Info: listings package is loaded.
Package caption Info: rotating package is loaded.
Package caption Info: wrapfig package is loaded.
Package caption Info: End \AtBeginDocument code.
LaTeX Font Info:    Redeclaring symbol font `AMSa' on input line 19.
LaTeX Font Info:    Overwriting symbol font `AMSa' in version `normal'
(Font)                  U/msa/m/n --> U/msa/m/n on input line 19.
LaTeX Font Info:    Overwriting symbol font `AMSa' in version `bold'
(Font)                  U/msa/m/n --> U/msa/m/n on input line 19.
 (/usr/local/texlive/2026basic/texmf-dist/tex/latex/anyfontsize/anyfontsize.sty
Package: anyfontsize 2007/11/22 anyfontsize.sty by pts
)
\c@lstlisting=\count393
Package hyperref Info: Link coloring OFF on input line 19.
 (./petadex-manuscript.out) (./petadex-manuscript.out)
\@outlinefile=\write4
\openout4 = `petadex-manuscript.out'.

LaTeX Font Info:    Calculating math sizes for size <11.04124> on input line 77.
LaTeX Font Info:    Trying to load font information for U+msa on input line 77.
 (/usr/local/texlive/2026basic/texmf-dist/tex/latex/amsfonts/umsa.fd
File: umsa.fd 2013/01/14 v3.01 AMS symbols A
)
LaTeX Font Info:    Trying to load font information for U+msb on input line 77.
 (/usr/local/texlive/2026basic/texmf-dist/tex/latex/amsfonts/umsb.fd
File: umsb.fd 2013/01/14 v3.01 AMS symbols B
)
LaTeX Font Info:    Trying to load font information for U+rsfs on input line 77.
 (/usr/local/texlive/2026basic/texmf-dist/tex/latex/jknapltx/ursfs.fd
File: ursfs.fd 1998/03/24 rsfs font definition file (jk)
)
LaTeX Font Info:    Calculating math sizes for size <7.72884> on input line 77.
LaTeX Font Info:    Calculating math sizes for size <8.03> on input line 77.
LaTeX Font Info:    Calculating math sizes for size <5.62097> on input line 77.
<petadex_graphical_abstract.png, id=88, 453.38133pt x 215.68079pt>
File: petadex_graphical_abstract.png Graphic file (type png)
<use petadex_graphical_abstract.png>
Package pdftex.def Info: petadex_graphical_abstract.png  used on input line 77.
(pdftex.def)             Requested size: 506.45905pt x 240.93224pt.

Underfull \vbox (badness 10000) has occurred while \output is active []


Underfull \vbox (badness 10000) has occurred while \output is active []

LaTeX Font Info:    Calculating math sizes for size <9.03374> on input line 77.

Underfull \hbox (badness 10000) has occurred while \output is active
$[]$
 []

<NAR.png, id=90, 370.5042pt x 165.7392pt>
File: NAR.png Graphic file (type png)
<use NAR.png>
Package pdftex.def Info: NAR.png  used on input line 77.
(pdftex.def)             Requested size: 134.12766pt x 60.0pt.
LaTeX Font Info:    Calculating math sizes for size <6.27344> on input line 77.
[1
Non-PDF special ignored!
<special> ps: [{ThisPage} << /CropBox [0 0 595.82918 782.7922] >> /PUT pdfm...
{/usr/local/texlive/2026basic/texmf-var/fonts/map/pdftex/updmap/pdftex.map}



 <./NAR.png> <./petadex_graphical_abstract.png>]
Underfull \hbox (badness 1132) in paragraph at lines 82--83
\OT1/cmss/m/n/9.03374 et al.[], []2020[]). The resulting ecological and public health
 []


Underfull \hbox (badness 5802) in paragraph at lines 84--85
[]\OT1/cmss/m/n/9.03374 The landmark discovery of the bacterium \OT1/cmss/m/sl/9.03374 Ideonella
 []


Underfull \hbox (badness 2027) in paragraph at lines 84--85
\OT1/cmss/m/n/9.03374 demonstrated that nature has already evolved enzymatic
 []


Underfull \hbox (badness 1521) in paragraph at lines 86--87
\OT1/cmss/m/n/9.03374 available for exploring this sequence diversity are limited
 []


Underfull \hbox (badness 1043) in paragraph at lines 86--87
\OT1/cmss/m/n/9.03374 are valuable for their curation depth, they operate at a
 []


Underfull \hbox (badness 1325) in paragraph at lines 88--89
\OT1/cmss/m/n/9.03374 Using hidden Markov models derived from experimentally
 []


Underfull \hbox (badness 1286) in paragraph at lines 88--89
\OT1/cmss/m/n/9.03374 assembled to date. PETadex organizes a subset of 1.05
 []


Underfull \vbox (badness 10000) has occurred while \output is active []


Underfull \hbox (badness 6575) in paragraph at lines 101--102
\OT1/cmss/m/n/9.03374 Functional domain annotations were computed for all
 []


Underfull \hbox (badness 3942) in paragraph at lines 101--102
\OT1/cmss/m/n/9.03374 family centroids (approximately 65,000 sequences) using
 []


Underfull \hbox (badness 2671) in paragraph at lines 105--106
\OT1/cmss/m/n/9.03374 Metadata were retrieved for all sequences of PETadex-
 []


Underfull \hbox (badness 4621) in paragraph at lines 105--106
\OT1/cmss/m/n/9.03374 nr. For the approximately 2.7 million sequences with
 []


Underfull \hbox (badness 1199) in paragraph at lines 105--106
\OT1/cmss/m/n/9.03374 of origin, collection date, and country. For SRA-derived
 []


Underfull \hbox (badness 4181) in paragraph at lines 105--106
\OT1/cmss/m/n/9.03374 the NCBI and SRA metadata schemas, computational
 []


Underfull \hbox (badness 1048) in paragraph at lines 105--106
\OT1/cmss/m/n/9.03374 for large-scale programmatic queries. These metadata are
 []


Underfull \hbox (badness 3118) in paragraph at lines 105--106
\OT1/cmss/m/n/9.03374 interactive ESM-2 embedding landscape, with dedicated
 []


Overfull \hbox (261.76535pt too wide) has occurred while \output is active
[][] 
 []


Overfull \vbox (3.0pt too high) has occurred while \output is active []

 [2
Non-PDF special ignored!
<special> ps: [{ThisPage} << /CropBox [0 0 595.82918 782.7922] >> /PUT pdfm...
]
Underfull \hbox (badness 1655) in paragraph at lines 110--111
\OT1/cmss/m/n/9.03374 representations were extracted from the final transformer
 []


Underfull \hbox (badness 1242) in paragraph at lines 114--115
\OT1/cmss/m/n/9.03374 activity data, and precomputed UMAP coordinates. Pre-
 []

<petadex_architecture.png, id=178, 511.9125pt x 301.125pt>
File: petadex_architecture.png Graphic file (type png)
<use petadex_architecture.png>
Package pdftex.def Info: petadex_architecture.png  used on input line 118.
(pdftex.def)             Requested size: 506.45905pt x 297.91708pt.

Underfull \hbox (badness 1052) in paragraph at lines 125--126
\OT1/cmss/m/n/9.03374 ([]Steinegger and S^^?oding[], []2017[]), executed via a dedicated
 []


Underfull \hbox (badness 1205) in paragraph at lines 125--126
\OT1/cmss/m/n/9.03374 maximum number of results. The Lambda function runs
 []


Underfull \hbox (badness 2142) in paragraph at lines 125--126
\OT1/cmss/m/n/9.03374 for each hit: accession, organism, percent identity, E-
 []


Underfull \hbox (badness 1253) in paragraph at lines 125--126
\OT1/cmss/m/n/9.03374 value, bit score, query coverage, alignment length, and
 []


Underfull \hbox (badness 1466) in paragraph at lines 125--126
\OT1/cmss/m/n/9.03374 with database-derived fields including family classification,
 []


Underfull \hbox (badness 1540) in paragraph at lines 125--126
\OT1/cmss/m/n/9.03374 component assignment, and phylogenetic tree availability.
 []


Underfull \hbox (badness 1436) in paragraph at lines 129--130
\OT1/cmss/m/n/9.03374 a dedicated substrate comparison interface (\OT1/cmtt/m/n/9.03374 /substrate\OT1/cmss/m/n/9.03374 ),
 []


Underfull \hbox (badness 1635) in paragraph at lines 129--130
\OT1/cmss/m/n/9.03374 flags are surfaced in the web interface and included in
 []


Overfull \hbox (1.96185pt too wide) in paragraph at lines 134--137
\OT1/cmss/m/n/9.03374 organized into approximately 65,000 families and [X] components
 []


Underfull \hbox (badness 2126) in paragraph at lines 134--137
\OT1/cmss/m/n/9.03374 dominate the database (89.5% of annotated sequences),
 []


Overfull \hbox (261.76535pt too wide) has occurred while \output is active
[][] 
 []


Overfull \vbox (3.0pt too high) has occurred while \output is active []

 [3
Non-PDF special ignored!
<special> ps: [{ThisPage} << /CropBox [0 0 595.82918 782.7922] >> /PUT pdfm...
]
<petadex_metadata_figure.png, id=202, 947.33925pt x 1126.80975pt>
File: petadex_metadata_figure.png Graphic file (type png)
<use petadex_metadata_figure.png>
Package pdftex.def Info: petadex_metadata_figure.png  used on input line 138.
(pdftex.def)             Requested size: 379.84428pt x 451.79912pt.

Underfull \hbox (badness 1281) in paragraph at lines 141--143
\OT1/cmss/m/n/9.03374 of the embedding landscape, we identified a set of [N]
 []


Underfull \hbox (badness 2050) in paragraph at lines 141--143
\OT1/cmss/m/n/9.03374 clustering. Examination of these families revealed multi-
 []


Underfull \hbox (badness 2205) in paragraph at lines 141--143
\OT1/cmss/m/n/9.03374 is fused to one or more additional enzymatic domains,
 []


Underfull \hbox (badness 1946) in paragraph at lines 141--143
\OT1/cmss/m/n/9.03374 overall sequence composition rather than their individual
 []


Underfull \hbox (badness 1231) in paragraph at lines 141--143
\OT1/cmss/m/n/9.03374 domain content. The ESM-2 embeddings, which capture
 []


Underfull \hbox (badness 1533) in paragraph at lines 141--143
\OT1/cmss/m/n/9.03374 volcanic and hydrothermal contexts (Figure []3[]). The co-
 []


Underfull \hbox (badness 1052) in paragraph at lines 141--143
\OT1/cmss/m/n/9.03374 of hydrolase domains in organisms adapted to chemically
 []

<esm-landscape-transparent.png, id=207, 593.5776pt x 420.6114pt>
File: esm-landscape-transparent.png Graphic file (type png)
<use esm-landscape-transparent.png>
Package pdftex.def Info: esm-landscape-transparent.png  used on input line 144.
(pdftex.def)             Requested size: 506.45905pt x 358.882pt.

Underfull \hbox (badness 1210) in paragraph at lines 147--150
\OT1/cmss/m/n/9.03374 and polyester hydrolases appeared at varying evolutionary
 []


Underfull \hbox (badness 1237) in paragraph at lines 147--150
\OT1/cmss/m/n/9.03374 succinate-co-adipate) depolymerase (78.9% identity, family
 []


Underfull \hbox (badness 4518) in paragraph at lines 147--150
\OT1/cmss/m/n/9.03374 5885), the \OT1/cmss/m/sl/9.03374 Thermobifida cellulosilytica \OT1/cmss/m/n/9.03374 cutinase (52.7%
 []


Underfull \hbox (badness 1406) in paragraph at lines 147--150
\OT1/cmss/m/n/9.03374 identity), and the \OT1/cmss/m/sl/9.03374 Halopseudomonas aestusnigri \OT1/cmss/m/n/9.03374 hydrolase
 []


Underfull \hbox (badness 1454) in paragraph at lines 147--150
\OT1/cmss/m/n/9.03374 results do not yet link hits to the standardized activity
 []


Overfull \hbox (261.76535pt too wide) has occurred while \output is active
[][] 
 []


Overfull \vbox (3.0pt too high) has occurred while \output is active []

 [4
Non-PDF special ignored!
<special> ps: [{ThisPage} << /CropBox [0 0 595.82918 782.7922] >> /PUT pdfm...
 <./petadex_architecture.png>]
Underfull \vbox (badness 10000) has occurred while \output is active []

<petadex-figure-4.png, id=215, 737.6358pt x 453.3738pt>
File: petadex-figure-4.png Graphic file (type png)
<use petadex-figure-4.png>
Package pdftex.def Info: petadex-figure-4.png  used on input line 151.
(pdftex.def)             Requested size: 506.45905pt x 311.28555pt.

Underfull \hbox (badness 1057) in paragraph at lines 156--157
\OT1/cmss/m/n/9.03374 from existing PETase databases. PAZy, the current gold
 []


Underfull \vbox (badness 10000) has occurred while \output is active []


Overfull \hbox (261.76535pt too wide) has occurred while \output is active
[][] 
 []


Overfull \vbox (3.0pt too high) has occurred while \output is active []

 [5
Non-PDF special ignored!
<special> ps: [{ThisPage} << /CropBox [0 0 595.82918 782.7922] >> /PUT pdfm...
 <./petadex_metadata_figure.png>]
Underfull \vbox (badness 10000) has occurred while \output is active []


Underfull \vbox (badness 10000) has occurred while \output is active []


Overfull \hbox (261.76535pt too wide) has occurred while \output is active
[][] 
 []


Overfull \vbox (3.0pt too high) has occurred while \output is active []

 [6
Non-PDF special ignored!
<special> ps: [{ThisPage} << /CropBox [0 0 595.82918 782.7922] >> /PUT pdfm...
 <./esm-landscape-transparent.png>]
Underfull \hbox (badness 1648) in paragraph at lines 162--163
[]\OT1/cmss/m/n/9.03374 The cocktail enzyme finding described in Section []2.4[]
 []


Underfull \hbox (badness 2735) in paragraph at lines 162--163
\OT1/cmss/m/n/9.03374 with structure-aware embeddings. These two approaches
 []


Underfull \hbox (badness 1478) in paragraph at lines 166--167
\OT1/cmss/m/n/9.03374 dataset is derived entirely from homology search against
 []


Underfull \hbox (badness 2181) in paragraph at lines 166--167
\OT1/cmss/m/n/9.03374 sequencing platforms, and geographic regions. Metadata
 []


Underfull \hbox (badness 1502) in paragraph at lines 166--167
\OT1/cmss/m/n/9.03374 completeness remains uneven: geographic annotations are
 []


Underfull \hbox (badness 1024) in paragraph at lines 170--171
\OT1/cmss/m/n/9.03374 integrate published activity data from PAZy, the primary
 []


Underfull \hbox (badness 2680) in paragraph at lines 175--176
\OT1/cmss/m/n/9.03374 database can be queried through the web interface or
 []


Overfull \hbox (17.64796pt too wide) in paragraph at lines 175--176
\OT1/cmtt/m/n/9.03374 github . com / petadex / petadex-[]sequence-[]search$[]\OT1/cmss/m/n/9.03374 . The underlying
 []


Overfull \hbox (261.76535pt too wide) has occurred while \output is active
[][] 
 []


Overfull \vbox (3.0pt too high) has occurred while \output is active []

 [7
Non-PDF special ignored!
<special> ps: [{ThisPage} << /CropBox [0 0 595.82918 782.7922] >> /PUT pdfm...
 <./petadex-figure-4.png>]
Underfull \hbox (badness 5908) in paragraph at lines 180--181
\OT1/cmss/m/n/9.03374 D.Z. developed the PETadex web platform, database
 []

(./petadex-manuscript.bbl
Underfull \hbox (badness 1184) in paragraph at lines 52--58
[]\OT1/cmss/m/n/9.03374 V. Gambarini, O. Pantos, J. M. Kingsbury, L. Weaver,
 []


Underfull \hbox (badness 1776) in paragraph at lines 80--90
\OT1/cmss/m/n/9.03374 S. Bodenstein, D. Silver, O. Vinyals, A. W. Senior,
 []


Underfull \hbox (badness 7759) in paragraph at lines 129--133
[]\OT1/cmss/m/n/9.03374 Plastics Europe.  Plastics -- the fast facts 2023,
 []


Underfull \hbox (badness 2245) in paragraph at lines 129--133
\OT1/cmss/m/n/9.03374 2023.  []$\OT1/cmtt/m/n/9.03374 https : / / plasticseurope . org / knowledge-[]hub /
 []


Underfull \hbox (badness 1033) in paragraph at lines 135--138
[]\OT1/cmss/m/n/9.03374 Serverless.  Serverless framework, 2024.  []$\OT1/cmtt/m/n/9.03374 https : / / www .
 []


Underfull \hbox (badness 5133) in paragraph at lines 162--170
\OT1/cmss/m/n/9.03374 E. Moya-Leclair, E. Kamionka, M.-L. Desrousseaux,
 []


Overfull \hbox (261.76535pt too wide) has occurred while \output is active
[][] 
 []


Overfull \vbox (3.0pt too high) has occurred while \output is active []

 [8
Non-PDF special ignored!
<special> ps: [{ThisPage} << /CropBox [0 0 595.82918 782.7922] >> /PUT pdfm...
]
Underfull \hbox (badness 1424) in paragraph at lines 181--187
\OT1/cmss/m/n/9.03374 K. Oda.  A bacterium that degrades and assimilates
 []

)
Overfull \hbox (261.76535pt too wide) has occurred while \output is active
[][] 
 []


Overfull \vbox (3.0pt too high) has occurred while \output is active []

 [9
Non-PDF special ignored!
<special> ps: [{ThisPage} << /CropBox [0 0 595.82918 782.7922] >> /PUT pdfm...

] (./petadex-manuscript.aux)
 ***********
LaTeX2e <2025-11-01>
L3 programming layer <2026-03-20>
 ***********
Package rerunfilecheck Info: File `petadex-manuscript.out' has not changed.
(rerunfilecheck)             Checksum: 85DC23CC38F521CB5EEC45B5E53791B7;3315.
 ) 
Here is how much of TeX's memory you used:
 26582 strings out of 468830
 497270 string characters out of 5451467
 911259 words of memory out of 5000000
 54925 multiletter control sequences out of 15000+600000
 664107 words of font info for 182 fonts, out of 8000000 for 9000
 323 hyphenation exceptions out of 8191
 99i,12n,108p,17412b,583s stack positions out of 10000i,1000n,20000p,200000b,200000s
 </Users/Pixel/Library/texlive/2026basic/texmf-var/fonts/pk/ljfour/jknappen/ec/tcss0800.471pk></usr/local/texlive/2026basic/texmf-dist/fonts/type1/public/amsfonts/cm/cmr9.pfb></usr/local/texlive/2026basic/texmf-dist/fonts/type1/public/amsfonts/cm/cmss8.pfb></usr/local/texlive/2026basic/texmf-dist/fonts/type1/public/amsfonts/cm/cmss9.pfb></usr/local/texlive/2026basic/texmf-dist/fonts/type1/public/amsfonts/cm/cmssbx10.pfb></usr/local/texlive/2026basic/texmf-dist/fonts/type1/public/amsfonts/cm/cmssi8.pfb></usr/local/texlive/2026basic/texmf-dist/fonts/type1/public/amsfonts/cm/cmssi9.pfb></usr/local/texlive/2026basic/texmf-dist/fonts/type1/public/amsfonts/cm/cmsy5.pfb></usr/local/texlive/2026basic/texmf-dist/fonts/type1/public/amsfonts/cm/cmsy7.pfb></usr/local/texlive/2026basic/texmf-dist/fonts/type1/public/amsfonts/cm/cmtt9.pfb>
Output written on petadex-manuscript.pdf (9 pages, 2146698 bytes).
PDF statistics:
 332 PDF objects out of 1000 (max. 8388607)
 287 compressed objects within 3 object streams
 62 named destinations out of 1000 (max. 500000)
 203 words of extra memory for PDF output out of 10000 (max. 10000000)

